<?xml version="1.0" encoding="UTF-8"?>
<!-- Generated by org.testng.reporters.JUnitXMLReporter -->
<testsuite ignored="0" hostname="Tejshrees-MacBook-Air.local" failures="2" tests="11" name="Free CRM App Test Cases" time="427.489" errors="0" timestamp="2024-09-03T12:27:59 EDT">
  <testcase classname="com.crm.qa.testcases.LoginPageTests" name="verifyClickingOnSignUpNavigatesUserToRegisterPage" time="6.692"/>
  <testcase classname="com.crm.qa.testcases.LoginPageTests" name="verifyLoginPageTitle" time="0.059"/>
  <testcase classname="com.crm.qa.testcases.LoginPageTests" name="verifyUserCanLoginWithCorrectCredentials" time="20.973"/>
  <testcase classname="com.crm.qa.testcases.LoginPageTests" name="verifyUserGetsErrorMessageWithWrongCreds" time="4.246"/>
  <testcase classname="com.crm.qa.testcases.HomePageTests" name="verifyClickingOnContactsRedirectsToContactsPage" time="20.228"/>
  <testcase classname="com.crm.qa.testcases.HomePageTests" name="verifyCreateNewCustomerPageOpensWhenPlusButtonIsClicked" time="24.14"/>
  <testcase classname="com.crm.qa.testcases.CreateNewContactPageTests" name="verifyDataCanBeAddedFromExcelSheet" time="7.709">
    <failure type="org.openqa.selenium.StaleElementReferenceException" message="stale element reference: stale element not found in the current frame
  (Session info: chrome=128.0.6613.114)
For documentation on this error, please visit: https://www.selenium.dev/documentation/webdriver/troubleshooting/errors#stale-element-reference-exception
Build info: version: &amp;apos;4.23.0&amp;apos;, revision: &amp;apos;4df0a231af&amp;apos;
System info: os.name: &amp;apos;Mac OS X&amp;apos;, os.arch: &amp;apos;x86_64&amp;apos;, os.version: &amp;apos;13.1&amp;apos;, java.version: &amp;apos;21.0.3&amp;apos;
Driver info: org.openqa.selenium.chrome.ChromeDriver
Command: [565eedd0e656a2a818edf87187381876, isElementDisplayed {id=f.225E95D8A3F91617172CADADD20F5BAD.d.6A4320B2C68325220648118C0AB7AA42.e.151}]
Capabilities {acceptInsecureCerts: false, browserName: chrome, browserVersion: 128.0.6613.114, chrome: {chromedriverVersion: 127.0.6533.99 (f31af5097d90..., userDataDir: /var/folders/zm/9_3m2sxn5pj...}, fedcm:accounts: true, goog:chromeOptions: {debuggerAddress: localhost:54943}, networkConnectionEnabled: false, pageLoadStrategy: normal, platformName: mac, proxy: Proxy(), se:cdp: ws://localhost:54943/devtoo..., se:cdpVersion: 128.0.6613.114, setWindowRect: true, strictFileInteractability: false, timeouts: {implicit: 0, pageLoad: 300000, script: 30000}, unhandledPromptBehavior: dismiss and notify, webauthn:extension:credBlob: true, webauthn:extension:largeBlob: true, webauthn:extension:minPinLength: true, webauthn:extension:prf: true, webauthn:virtualAuthenticators: true}
Element: [[ChromeDriver: chrome on mac (565eedd0e656a2a818edf87187381876)] -&amp;gt; xpath: //span[@class=&amp;apos;selectable &amp;apos; and text()=&amp;apos;Test1 Last1&amp;apos;]]
Session ID: 565eedd0e656a2a818edf87187381876">
      <![CDATA[org.openqa.selenium.StaleElementReferenceException: stale element reference: stale element not found in the current frame
  (Session info: chrome=128.0.6613.114)
For documentation on this error, please visit: https://www.selenium.dev/documentation/webdriver/troubleshooting/errors#stale-element-reference-exception
Build info: version: '4.23.0', revision: '4df0a231af'
System info: os.name: 'Mac OS X', os.arch: 'x86_64', os.version: '13.1', java.version: '21.0.3'
Driver info: org.openqa.selenium.chrome.ChromeDriver
Command: [565eedd0e656a2a818edf87187381876, isElementDisplayed {id=f.225E95D8A3F91617172CADADD20F5BAD.d.6A4320B2C68325220648118C0AB7AA42.e.151}]
Capabilities {acceptInsecureCerts: false, browserName: chrome, browserVersion: 128.0.6613.114, chrome: {chromedriverVersion: 127.0.6533.99 (f31af5097d90..., userDataDir: /var/folders/zm/9_3m2sxn5pj...}, fedcm:accounts: true, goog:chromeOptions: {debuggerAddress: localhost:54943}, networkConnectionEnabled: false, pageLoadStrategy: normal, platformName: mac, proxy: Proxy(), se:cdp: ws://localhost:54943/devtoo..., se:cdpVersion: 128.0.6613.114, setWindowRect: true, strictFileInteractability: false, timeouts: {implicit: 0, pageLoad: 300000, script: 30000}, unhandledPromptBehavior: dismiss and notify, webauthn:extension:credBlob: true, webauthn:extension:largeBlob: true, webauthn:extension:minPinLength: true, webauthn:extension:prf: true, webauthn:virtualAuthenticators: true}
Element: [[ChromeDriver: chrome on mac (565eedd0e656a2a818edf87187381876)] -> xpath: //span[@class='selectable ' and text()='Test1 Last1']]
Session ID: 565eedd0e656a2a818edf87187381876
at org.openqa.selenium.remote.ErrorCodec.decode(ErrorCodec.java:167)
at org.openqa.selenium.remote.codec.w3c.W3CHttpResponseCodec.decode(W3CHttpResponseCodec.java:138)
at org.openqa.selenium.remote.codec.w3c.W3CHttpResponseCodec.decode(W3CHttpResponseCodec.java:50)
at org.openqa.selenium.remote.HttpCommandExecutor.execute(HttpCommandExecutor.java:190)
at org.openqa.selenium.remote.service.DriverCommandExecutor.invokeExecute(DriverCommandExecutor.java:216)
at org.openqa.selenium.remote.service.DriverCommandExecutor.execute(DriverCommandExecutor.java:174)
at org.openqa.selenium.remote.RemoteWebDriver.execute(RemoteWebDriver.java:527)
at org.openqa.selenium.remote.RemoteWebElement.execute(RemoteWebElement.java:223)
at org.openqa.selenium.remote.RemoteWebElement.isDisplayed(RemoteWebElement.java:282)
at com.crm.qa.pages.CreateNewContactPage.validateContactIsCreated(CreateNewContactPage.java:61)
at com.crm.qa.testcases.CreateNewContactPageTests.verifyDataCanBeAddedFromExcelSheet(CreateNewContactPageTests.java:67)
at java.base/java.util.ArrayList.forEach(ArrayList.java:1596)
... Removed 28 stack frames]]>
    </failure>
  </testcase> <!-- verifyDataCanBeAddedFromExcelSheet -->
  <testcase classname="com.crm.qa.testcases.CreateNewContactPageTests" name="verifyDataCanBeAddedFromExcelSheet" time="8.877"/>
  <testcase classname="com.crm.qa.testcases.CreateNewContactPageTests" name="verifyDataCanBeAddedFromExcelSheet" time="7.555">
    <failure type="org.openqa.selenium.StaleElementReferenceException" message="stale element reference: stale element not found in the current frame
  (Session info: chrome=128.0.6613.114)
For documentation on this error, please visit: https://www.selenium.dev/documentation/webdriver/troubleshooting/errors#stale-element-reference-exception
Build info: version: &amp;apos;4.23.0&amp;apos;, revision: &amp;apos;4df0a231af&amp;apos;
System info: os.name: &amp;apos;Mac OS X&amp;apos;, os.arch: &amp;apos;x86_64&amp;apos;, os.version: &amp;apos;13.1&amp;apos;, java.version: &amp;apos;21.0.3&amp;apos;
Driver info: org.openqa.selenium.chrome.ChromeDriver
Command: [e8e449a182d5dfa57ce6ecdc10e605e3, isElementDisplayed {id=f.D854B526CB62E0C556DAC3E08D1CBCBF.d.EFB8DF9F8B5A7D8DB192EF4BE3CEE1CE.e.152}]
Capabilities {acceptInsecureCerts: false, browserName: chrome, browserVersion: 128.0.6613.114, chrome: {chromedriverVersion: 127.0.6533.99 (f31af5097d90..., userDataDir: /var/folders/zm/9_3m2sxn5pj...}, fedcm:accounts: true, goog:chromeOptions: {debuggerAddress: localhost:55446}, networkConnectionEnabled: false, pageLoadStrategy: normal, platformName: mac, proxy: Proxy(), se:cdp: ws://localhost:55446/devtoo..., se:cdpVersion: 128.0.6613.114, setWindowRect: true, strictFileInteractability: false, timeouts: {implicit: 0, pageLoad: 300000, script: 30000}, unhandledPromptBehavior: dismiss and notify, webauthn:extension:credBlob: true, webauthn:extension:largeBlob: true, webauthn:extension:minPinLength: true, webauthn:extension:prf: true, webauthn:virtualAuthenticators: true}
Element: [[ChromeDriver: chrome on mac (e8e449a182d5dfa57ce6ecdc10e605e3)] -&amp;gt; xpath: //span[@class=&amp;apos;selectable &amp;apos; and text()=&amp;apos;Test3 Last3&amp;apos;]]
Session ID: e8e449a182d5dfa57ce6ecdc10e605e3">
      <![CDATA[org.openqa.selenium.StaleElementReferenceException: stale element reference: stale element not found in the current frame
  (Session info: chrome=128.0.6613.114)
For documentation on this error, please visit: https://www.selenium.dev/documentation/webdriver/troubleshooting/errors#stale-element-reference-exception
Build info: version: '4.23.0', revision: '4df0a231af'
System info: os.name: 'Mac OS X', os.arch: 'x86_64', os.version: '13.1', java.version: '21.0.3'
Driver info: org.openqa.selenium.chrome.ChromeDriver
Command: [e8e449a182d5dfa57ce6ecdc10e605e3, isElementDisplayed {id=f.D854B526CB62E0C556DAC3E08D1CBCBF.d.EFB8DF9F8B5A7D8DB192EF4BE3CEE1CE.e.152}]
Capabilities {acceptInsecureCerts: false, browserName: chrome, browserVersion: 128.0.6613.114, chrome: {chromedriverVersion: 127.0.6533.99 (f31af5097d90..., userDataDir: /var/folders/zm/9_3m2sxn5pj...}, fedcm:accounts: true, goog:chromeOptions: {debuggerAddress: localhost:55446}, networkConnectionEnabled: false, pageLoadStrategy: normal, platformName: mac, proxy: Proxy(), se:cdp: ws://localhost:55446/devtoo..., se:cdpVersion: 128.0.6613.114, setWindowRect: true, strictFileInteractability: false, timeouts: {implicit: 0, pageLoad: 300000, script: 30000}, unhandledPromptBehavior: dismiss and notify, webauthn:extension:credBlob: true, webauthn:extension:largeBlob: true, webauthn:extension:minPinLength: true, webauthn:extension:prf: true, webauthn:virtualAuthenticators: true}
Element: [[ChromeDriver: chrome on mac (e8e449a182d5dfa57ce6ecdc10e605e3)] -> xpath: //span[@class='selectable ' and text()='Test3 Last3']]
Session ID: e8e449a182d5dfa57ce6ecdc10e605e3
at org.openqa.selenium.remote.ErrorCodec.decode(ErrorCodec.java:167)
at org.openqa.selenium.remote.codec.w3c.W3CHttpResponseCodec.decode(W3CHttpResponseCodec.java:138)
at org.openqa.selenium.remote.codec.w3c.W3CHttpResponseCodec.decode(W3CHttpResponseCodec.java:50)
at org.openqa.selenium.remote.HttpCommandExecutor.execute(HttpCommandExecutor.java:190)
at org.openqa.selenium.remote.service.DriverCommandExecutor.invokeExecute(DriverCommandExecutor.java:216)
at org.openqa.selenium.remote.service.DriverCommandExecutor.execute(DriverCommandExecutor.java:174)
at org.openqa.selenium.remote.RemoteWebDriver.execute(RemoteWebDriver.java:527)
at org.openqa.selenium.remote.RemoteWebElement.execute(RemoteWebElement.java:223)
at org.openqa.selenium.remote.RemoteWebElement.isDisplayed(RemoteWebElement.java:282)
at com.crm.qa.pages.CreateNewContactPage.validateContactIsCreated(CreateNewContactPage.java:61)
at com.crm.qa.testcases.CreateNewContactPageTests.verifyDataCanBeAddedFromExcelSheet(CreateNewContactPageTests.java:67)
at java.base/java.util.ArrayList.forEach(ArrayList.java:1596)
... Removed 28 stack frames]]>
    </failure>
  </testcase> <!-- verifyDataCanBeAddedFromExcelSheet -->
  <testcase classname="com.crm.qa.testcases.CreateNewContactPageTests" name="verifyDataCanBeAddedFromExcelSheet" time="8.983"/>
  <testcase classname="com.crm.qa.testcases.CreateNewContactPageTests" name="verifyNewContactIsCreatedByJustAddingMandatoryFields" time="10.973"/>
</testsuite> <!-- Free CRM App Test Cases -->
